2019-06-22 10:58:48,943 [Thread-1:123145468416000] [blog.views:10] [view:index] [ERROR]- [Errno 2] No such file or directory: 'sss.txt'
2019-06-22 10:58:49,029 [Thread-3:123145478926336] [blog.views:10] [view:index] [ERROR]- [Errno 2] No such file or directory: 'sss.txt'
2019-06-22 15:01:10,621 [Thread-1:123145368141824] [blog.views:15] [view:index] [ERROR]- [Errno 2] No such file or directory: 'sss.txt'
2019-06-22 15:01:46,136 [Thread-1:123145522708480] [blog.views:15] [view:index] [ERROR]- [Errno 2] No such file or directory: 'sss.txt'
2019-06-22 15:01:46,298 [Thread-5:123145543729152] [blog.views:15] [view:index] [ERROR]- [Errno 2] No such file or directory: 'sss.txt'
2019-06-22 15:10:37,044 [Thread-8:123145527963648] [blog.views:15] [view:index] [ERROR]- [Errno 2] No such file or directory: 'sss.txt'
2019-06-22 15:10:37,107 [Thread-10:123145533218816] [blog.views:15] [view:index] [ERROR]- [Errno 2] No such file or directory: 'sss.txt'
2019-06-22 15:10:42,650 [Thread-10:123145533218816] [blog.views:15] [view:index] [ERROR]- [Errno 2] No such file or directory: 'sss.txt'
2019-06-22 15:10:42,714 [Thread-13:123145522708480] [blog.views:15] [view:index] [ERROR]- [Errno 2] No such file or directory: 'sss.txt'
2019-07-01 20:12:53,866 [Thread-4:123145395642368] [blog.views:15] [view:index] [ERROR]- Invalid block tag on line 4: 'indclude', expected 'endblock'. Did you forget to register or load this tag?
2019-07-01 20:18:19,553 [Thread-6:123145395642368] [blog.views:15] [view:index] [ERROR]- Invalid block tag on line 4: 'indclude', expected 'endblock'. Did you forget to register or load this tag?
2019-07-01 20:18:21,744 [Thread-6:123145395642368] [blog.views:15] [view:index] [ERROR]- Invalid block tag on line 4: 'indclude', expected 'endblock'. Did you forget to register or load this tag?
2019-07-02 07:18:27,867 [Thread-1:123145395421184] [blog.views:15] [view:index] [ERROR]- name 'Category' is not defined
2019-07-03 18:54:00,332 [Thread-1:123145359138816] [blog.views:33] [view:index] [ERROR]- page() missing 1 required positional argument: 'number'
2019-07-03 18:54:00,834 [Thread-4:123145374904320] [blog.views:33] [view:index] [ERROR]- page() missing 1 required positional argument: 'number'
2019-07-03 18:54:38,395 [Thread-9:123145374904320] [blog.views:33] [view:index] [ERROR]- page() missing 1 required positional argument: 'number'
2019-07-03 18:54:38,467 [Thread-8:123145369649152] [blog.views:33] [view:index] [ERROR]- page() missing 1 required positional argument: 'number'
2019-07-03 19:03:42,280 [Thread-11:123145359138816] [blog.views:33] [view:index] [ERROR]- page() missing 1 required positional argument: 'number'
2019-07-03 19:03:42,363 [Thread-13:123145369649152] [blog.views:33] [view:index] [ERROR]- page() missing 1 required positional argument: 'number'
2019-07-03 19:03:46,266 [Thread-13:123145369649152] [blog.views:33] [view:index] [ERROR]- page() missing 1 required positional argument: 'number'
2019-07-03 19:03:46,316 [Thread-16:123145364393984] [blog.views:33] [view:index] [ERROR]- page() missing 1 required positional argument: 'number'
2019-07-03 19:28:22,005 [Thread-1:123145467453440] [blog.views:33] [view:index] [ERROR]- page() missing 1 required positional argument: 'number'
2019-07-03 19:28:22,073 [Thread-4:123145477963776] [blog.views:33] [view:index] [ERROR]- page() missing 1 required positional argument: 'number'
2019-07-03 19:30:44,282 [Thread-1:123145529282560] [blog.views:33] [view:index] [ERROR]- page() missing 1 required positional argument: 'number'
2019-07-03 19:30:44,402 [Thread-3:123145539792896] [blog.views:33] [view:index] [ERROR]- page() missing 1 required positional argument: 'number'
2019-07-03 19:33:22,631 [Thread-1:123145441918976] [blog.views:33] [view:index] [ERROR]- page() missing 1 required positional argument: 'number'
2019-07-03 19:33:22,804 [Thread-3:123145452429312] [blog.views:33] [view:index] [ERROR]- page() missing 1 required positional argument: 'number'
2019-07-04 07:25:24,757 [Thread-1:123145491390464] [blog.views:33] [view:index] [ERROR]- page() missing 1 required positional argument: 'number'
2019-07-04 07:25:24,889 [Thread-3:123145501900800] [blog.views:33] [view:index] [ERROR]- page() missing 1 required positional argument: 'number'
2019-07-04 07:25:31,872 [Thread-3:123145501900800] [blog.views:33] [view:index] [ERROR]- page() missing 1 required positional argument: 'number'
2019-07-04 07:25:31,945 [Thread-6:123145491390464] [blog.views:33] [view:index] [ERROR]- page() missing 1 required positional argument: 'number'
2019-07-04 07:26:14,103 [Thread-6:123145491390464] [blog.views:33] [view:index] [ERROR]- page() missing 1 required positional argument: 'number'
2019-07-04 07:26:14,172 [Thread-8:123145501900800] [blog.views:33] [view:index] [ERROR]- page() missing 1 required positional argument: 'number'
2019-07-04 07:29:00,523 [Thread-1:123145328791552] [blog.views:33] [view:index] [ERROR]- page() missing 1 required positional argument: 'number'
2019-07-04 07:29:00,687 [Thread-3:123145339301888] [blog.views:33] [view:index] [ERROR]- page() missing 1 required positional argument: 'number'
2019-07-04 07:29:17,724 [Thread-3:123145339301888] [blog.views:33] [view:index] [ERROR]- page() missing 1 required positional argument: 'number'
2019-07-04 07:29:17,819 [Thread-5:123145334046720] [blog.views:33] [view:index] [ERROR]- page() missing 1 required positional argument: 'number'
2019-07-04 07:33:07,875 [Thread-5:123145334046720] [blog.views:33] [view:index] [ERROR]- page() missing 1 required positional argument: 'number'
2019-07-04 07:33:07,981 [Thread-7:123145328791552] [blog.views:33] [view:index] [ERROR]- page() missing 1 required positional argument: 'number'
2019-07-04 08:01:23,152 [Thread-1:123145522724864] [blog.views:33] [view:index] [ERROR]- page() missing 1 required positional argument: 'number'
2019-07-04 08:01:23,355 [Thread-3:123145522724864] [blog.views:33] [view:index] [ERROR]- page() missing 1 required positional argument: 'number'
2019-07-04 08:01:38,183 [Thread-3:123145522724864] [blog.views:33] [view:index] [ERROR]- page() missing 1 required positional argument: 'number'
2019-07-04 08:01:38,260 [Thread-6:123145533235200] [blog.views:33] [view:index] [ERROR]- page() missing 1 required positional argument: 'number'
2019-07-04 08:05:55,299 [Thread-1:123145336721408] [blog.views:33] [view:index] [ERROR]- page() missing 1 required positional argument: 'number'
2019-07-04 08:05:55,511 [Thread-3:123145347231744] [blog.views:33] [view:index] [ERROR]- page() missing 1 required positional argument: 'number'
2019-07-04 08:16:17,985 [Thread-1:123145580736512] [blog.views:33] [view:index] [ERROR]- page() missing 1 required positional argument: 'number'
2019-07-04 08:16:18,179 [Thread-3:123145591246848] [blog.views:33] [view:index] [ERROR]- page() missing 1 required positional argument: 'number'
2019-07-04 08:40:07,112 [Thread-5:123145580736512] [blog.views:33] [view:index] [ERROR]- page() missing 1 required positional argument: 'number'
2019-07-04 08:40:07,212 [Thread-7:123145591246848] [blog.views:33] [view:index] [ERROR]- page() missing 1 required positional argument: 'number'
2019-07-04 08:41:35,945 [Thread-1:123145447124992] [blog.views:33] [view:index] [ERROR]- page() missing 1 required positional argument: 'number'
2019-07-04 08:41:36,176 [Thread-3:123145457635328] [blog.views:33] [view:index] [ERROR]- page() missing 1 required positional argument: 'number'
2019-07-04 08:42:21,337 [Thread-1:123145561350144] [blog.views:33] [view:index] [ERROR]- page() missing 1 required positional argument: 'number'
2019-07-04 08:42:21,540 [Thread-3:123145571860480] [blog.views:33] [view:index] [ERROR]- page() missing 1 required positional argument: 'number'
2019-07-04 08:43:47,681 [Thread-1:123145314906112] [blog.views:33] [view:index] [ERROR]- page() missing 1 required positional argument: 'number'
2019-07-04 08:43:47,843 [Thread-3:123145325416448] [blog.views:33] [view:index] [ERROR]- page() missing 1 required positional argument: 'number'
2019-07-04 08:43:52,734 [Thread-3:123145325416448] [blog.views:33] [view:index] [ERROR]- page() missing 1 required positional argument: 'number'
2019-07-04 08:43:52,823 [Thread-5:123145335926784] [blog.views:33] [view:index] [ERROR]- page() missing 1 required positional argument: 'number'
2019-07-04 09:11:45,347 [Thread-1:123145354993664] [blog.views:33] [view:index] [ERROR]- page() missing 1 required positional argument: 'number'
2019-07-04 09:11:45,602 [Thread-3:123145365504000] [blog.views:33] [view:index] [ERROR]- page() missing 1 required positional argument: 'number'
2019-07-04 09:19:50,814 [Thread-1:123145381908480] [blog.views:33] [view:index] [ERROR]- page() missing 1 required positional argument: 'number'
2019-07-04 09:19:51,003 [Thread-3:123145392418816] [blog.views:33] [view:index] [ERROR]- page() missing 1 required positional argument: 'number'
2019-07-04 09:30:47,199 [Thread-1:123145539641344] [blog.views:33] [view:index] [ERROR]- page() missing 1 required positional argument: 'number'
2019-07-04 09:31:38,119 [Thread-1:123145327251456] [blog.views:33] [view:index] [ERROR]- page() missing 1 required positional argument: 'number'
2019-07-04 09:32:09,326 [Thread-1:123145403019264] [blog.views:33] [view:index] [ERROR]- page() missing 1 required positional argument: 'number'
2019-07-04 09:32:09,489 [Thread-3:123145413529600] [blog.views:33] [view:index] [ERROR]- page() missing 1 required positional argument: 'number'
2019-07-04 09:38:14,535 [Thread-1:123145466036224] [blog.views:33] [view:index] [ERROR]- page() missing 1 required positional argument: 'number'
2019-07-04 09:38:14,759 [Thread-3:123145476546560] [blog.views:33] [view:index] [ERROR]- page() missing 1 required positional argument: 'number'
2019-07-06 19:14:53,256 [Thread-3:123145395154944] [blog.views:52] [view:archive] [ERROR]- unsupported operand type(s) for +: 'NoneType' and 'str'
2019-07-06 19:15:12,223 [Thread-3:123145395154944] [blog.views:52] [view:archive] [ERROR]- unsupported operand type(s) for +: 'NoneType' and 'str'
2019-07-06 19:15:12,299 [Thread-5:123145389899776] [blog.views:52] [view:archive] [ERROR]- unsupported operand type(s) for +: 'NoneType' and 'str'
2019-07-06 19:16:14,996 [Thread-1:123145399308288] [blog.views:52] [view:archive] [ERROR]- unsupported operand type(s) for +: 'NoneType' and 'str'
2019-07-06 19:16:15,139 [Thread-3:123145409818624] [blog.views:52] [view:archive] [ERROR]- unsupported operand type(s) for +: 'NoneType' and 'str'
2019-07-06 19:16:38,856 [Thread-27:123145409818624] [blog.views:52] [view:archive] [ERROR]- unsupported operand type(s) for +: 'NoneType' and 'str'
2019-07-06 19:16:40,571 [Thread-27:123145409818624] [blog.views:52] [view:archive] [ERROR]- unsupported operand type(s) for +: 'NoneType' and 'str'
2019-07-06 19:16:40,640 [Thread-29:123145404563456] [blog.views:52] [view:archive] [ERROR]- unsupported operand type(s) for +: 'NoneType' and 'str'
2019-07-06 19:16:50,608 [Thread-34:123145409818624] [blog.views:52] [view:archive] [ERROR]- unsupported operand type(s) for +: 'NoneType' and 'str'
2019-07-06 19:17:00,278 [Thread-36:123145399308288] [blog.views:52] [view:archive] [ERROR]- unsupported operand type(s) for +: 'NoneType' and 'str'
2019-07-06 19:17:08,174 [Thread-36:123145399308288] [blog.views:52] [view:archive] [ERROR]- unsupported operand type(s) for +: 'NoneType' and 'str'
2019-07-06 19:17:08,244 [Thread-38:123145404563456] [blog.views:52] [view:archive] [ERROR]- unsupported operand type(s) for +: 'NoneType' and 'str'
2019-07-06 19:18:06,583 [Thread-3:123145358434304] [blog.views:52] [view:archive] [ERROR]- unsupported operand type(s) for +: 'NoneType' and 'str'
2019-07-06 19:18:07,819 [Thread-6:123145353179136] [blog.views:52] [view:archive] [ERROR]- unsupported operand type(s) for +: 'NoneType' and 'str'
2019-07-06 19:18:09,465 [Thread-6:123145353179136] [blog.views:52] [view:archive] [ERROR]- unsupported operand type(s) for +: 'NoneType' and 'str'
2019-07-06 19:18:09,547 [Thread-8:123145358434304] [blog.views:52] [view:archive] [ERROR]- unsupported operand type(s) for +: 'NoneType' and 'str'
2019-07-06 19:18:17,961 [Thread-11:123145347923968] [blog.views:52] [view:archive] [ERROR]- unsupported operand type(s) for +: 'NoneType' and 'str'
2019-07-06 19:18:18,019 [Thread-13:123145358434304] [blog.views:52] [view:archive] [ERROR]- unsupported operand type(s) for +: 'NoneType' and 'str'
2019-07-06 19:28:57,994 [Thread-1:123145563103232] [blog.views:52] [view:archive] [ERROR]- unsupported operand type(s) for +: 'NoneType' and 'str'
2019-07-06 19:28:58,195 [Thread-3:123145573613568] [blog.views:52] [view:archive] [ERROR]- unsupported operand type(s) for +: 'NoneType' and 'str'
2019-07-06 19:29:12,277 [Thread-10:123145568358400] [blog.views:52] [view:archive] [ERROR]- unsupported operand type(s) for +: 'NoneType' and 'str'
2019-07-06 19:29:15,407 [Thread-10:123145568358400] [blog.views:52] [view:archive] [ERROR]- unsupported operand type(s) for +: 'NoneType' and 'str'
2019-07-06 19:29:15,473 [Thread-12:123145568358400] [blog.views:52] [view:archive] [ERROR]- unsupported operand type(s) for +: 'NoneType' and 'str'
2019-07-06 19:37:22,443 [Thread-3:123145374973952] [blog.views:52] [view:archive] [ERROR]- unsupported operand type(s) for +: 'NoneType' and 'str'
2019-07-06 19:37:32,722 [Thread-10:123145369718784] [blog.views:52] [view:archive] [ERROR]- unsupported operand type(s) for +: 'NoneType' and 'str'
2019-07-06 19:37:34,611 [Thread-10:123145369718784] [blog.views:52] [view:archive] [ERROR]- unsupported operand type(s) for +: 'NoneType' and 'str'
2019-07-06 19:37:34,665 [Thread-12:123145374973952] [blog.views:52] [view:archive] [ERROR]- unsupported operand type(s) for +: 'NoneType' and 'str'
2019-07-06 19:48:48,343 [Thread-1:123145318838272] [blog.views:55] [view:archive] [ERROR]- unsupported operand type(s) for +: 'NoneType' and 'str'
2019-07-06 19:48:48,592 [Thread-3:123145329348608] [blog.views:55] [view:archive] [ERROR]- unsupported operand type(s) for +: 'NoneType' and 'str'
2019-07-06 19:48:53,702 [Thread-6:123145324093440] [blog.views:55] [view:archive] [ERROR]- unsupported operand type(s) for +: 'NoneType' and 'str'
2019-07-06 19:48:56,637 [Thread-6:123145324093440] [blog.views:55] [view:archive] [ERROR]- unsupported operand type(s) for +: 'NoneType' and 'str'
2019-07-06 19:48:56,728 [Thread-8:123145329348608] [blog.views:55] [view:archive] [ERROR]- unsupported operand type(s) for +: 'NoneType' and 'str'
2019-07-06 19:49:43,421 [Thread-8:123145329348608] [blog.views:55] [view:archive] [ERROR]- unsupported operand type(s) for +: 'NoneType' and 'str'
2019-07-06 19:49:43,495 [Thread-10:123145324093440] [blog.views:55] [view:archive] [ERROR]- unsupported operand type(s) for +: 'NoneType' and 'str'
2019-07-06 19:49:46,012 [Thread-10:123145324093440] [blog.views:55] [view:archive] [ERROR]- unsupported operand type(s) for +: 'NoneType' and 'str'
2019-07-06 19:49:46,096 [Thread-12:123145329348608] [blog.views:55] [view:archive] [ERROR]- unsupported operand type(s) for +: 'NoneType' and 'str'
2019-07-06 19:49:47,413 [Thread-12:123145329348608] [blog.views:55] [view:archive] [ERROR]- unsupported operand type(s) for +: 'NoneType' and 'str'
2019-07-06 19:49:47,480 [Thread-15:123145324093440] [blog.views:55] [view:archive] [ERROR]- unsupported operand type(s) for +: 'NoneType' and 'str'
2019-07-06 19:49:48,296 [Thread-15:123145324093440] [blog.views:55] [view:archive] [ERROR]- unsupported operand type(s) for +: 'NoneType' and 'str'
2019-07-06 19:49:48,363 [Thread-17:123145329348608] [blog.views:55] [view:archive] [ERROR]- unsupported operand type(s) for +: 'NoneType' and 'str'
2019-07-06 19:49:52,465 [Thread-18:123145318838272] [blog.views:55] [view:archive] [ERROR]- unsupported operand type(s) for +: 'NoneType' and 'str'
2019-07-07 09:50:52,660 [Thread-1:123145517273088] [blog.views:54] [view:archive] [ERROR]- unsupported operand type(s) for +: 'NoneType' and 'str'
2019-07-07 09:50:52,888 [Thread-3:123145527783424] [blog.views:54] [view:archive] [ERROR]- unsupported operand type(s) for +: 'NoneType' and 'str'
2019-07-07 09:50:58,636 [Thread-4:123145533038592] [blog.views:54] [view:archive] [ERROR]- unsupported operand type(s) for +: 'NoneType' and 'str'
2019-07-07 09:51:00,447 [Thread-4:123145533038592] [blog.views:54] [view:archive] [ERROR]- unsupported operand type(s) for +: 'NoneType' and 'str'
2019-07-07 09:51:00,520 [Thread-7:123145517273088] [blog.views:54] [view:archive] [ERROR]- unsupported operand type(s) for +: 'NoneType' and 'str'
2019-07-07 09:58:13,229 [Thread-1:123145317953536] [blog.views:55] [view:archive] [ERROR]- unsupported operand type(s) for +: 'NoneType' and 'str'
2019-07-07 09:58:13,446 [Thread-3:123145328463872] [blog.views:55] [view:archive] [ERROR]- unsupported operand type(s) for +: 'NoneType' and 'str'
2019-07-07 10:07:43,728 [Thread-1:123145519173632] [blog.views:57] [view:archive] [ERROR]- unsupported operand type(s) for +: 'NoneType' and 'str'
2019-07-07 10:07:43,903 [Thread-3:123145529683968] [blog.views:57] [view:archive] [ERROR]- unsupported operand type(s) for +: 'NoneType' and 'str'
2019-07-07 10:07:49,771 [Thread-5:123145524428800] [blog.views:57] [view:archive] [ERROR]- unsupported operand type(s) for +: 'NoneType' and 'str'
2019-07-07 10:30:30,087 [Thread-3:123145418817536] [blog.views:45] [view:archive] [ERROR]- unsupported operand type(s) for +: 'NoneType' and 'str'
2019-07-07 10:34:16,065 [Thread-3:123145439481856] [blog.views:45] [view:archive] [ERROR]- unsupported operand type(s) for +: 'NoneType' and 'str'
2019-07-07 10:34:41,639 [Thread-3:123145439481856] [blog.views:45] [view:archive] [ERROR]- unsupported operand type(s) for +: 'NoneType' and 'str'
2019-07-07 10:34:41,738 [Thread-6:123145434226688] [blog.views:45] [view:archive] [ERROR]- unsupported operand type(s) for +: 'NoneType' and 'str'
2019-07-07 10:34:44,779 [Thread-8:123145434226688] [blog.views:45] [view:archive] [ERROR]- unsupported operand type(s) for +: 'NoneType' and 'str'
2019-07-07 10:43:01,336 [Thread-6:123145432633344] [blog.views:45] [view:archive] [ERROR]- unsupported operand type(s) for +: 'NoneType' and 'str'
2019-07-07 10:43:03,282 [Thread-8:123145427378176] [blog.views:45] [view:archive] [ERROR]- unsupported operand type(s) for +: 'NoneType' and 'str'
2019-07-07 10:43:11,063 [Thread-10:123145427378176] [blog.views:45] [view:archive] [ERROR]- unsupported operand type(s) for +: 'NoneType' and 'str'
2019-07-07 10:43:14,196 [Thread-12:123145427378176] [blog.views:45] [view:archive] [ERROR]- unsupported operand type(s) for +: 'NoneType' and 'str'
2019-07-07 10:43:17,306 [Thread-12:123145427378176] [blog.views:45] [view:archive] [ERROR]- unsupported operand type(s) for +: 'NoneType' and 'str'
2019-07-07 10:43:17,374 [Thread-14:123145437888512] [blog.views:45] [view:archive] [ERROR]- unsupported operand type(s) for +: 'NoneType' and 'str'
2019-07-07 10:59:11,164 [Thread-18:123145437888512] [blog.views:45] [view:archive] [ERROR]- unsupported operand type(s) for +: 'NoneType' and 'str'
2019-07-07 10:59:12,941 [Thread-20:123145432633344] [blog.views:45] [view:archive] [ERROR]- unsupported operand type(s) for +: 'NoneType' and 'str'
2019-07-07 11:00:28,412 [Thread-22:123145437888512] [blog.views:45] [view:archive] [ERROR]- unsupported operand type(s) for +: 'NoneType' and 'str'
2019-07-07 11:00:47,228 [Thread-28:123145427378176] [blog.views:45] [view:archive] [ERROR]- unsupported operand type(s) for +: 'NoneType' and 'str'
2019-07-07 11:09:35,132 [Thread-3:123145523908608] [blog.views:46] [view:archive] [ERROR]- unsupported operand type(s) for +: 'NoneType' and 'str'
2019-07-07 11:14:02,811 [Thread-3:123145536720896] [blog.views:46] [view:archive] [ERROR]- unsupported operand type(s) for +: 'NoneType' and 'str'
2019-07-07 11:25:05,858 [Thread-3:123145437933568] [blog.views:46] [view:archive] [ERROR]- unsupported operand type(s) for +: 'NoneType' and 'str'
2019-07-07 11:25:26,479 [Thread-5:123145448443904] [blog.views:46] [view:archive] [ERROR]- unsupported operand type(s) for +: 'NoneType' and 'str'
2019-07-07 11:28:48,038 [Thread-3:123145526984704] [blog.views:46] [view:archive] [ERROR]- unsupported operand type(s) for +: 'NoneType' and 'str'
2019-07-07 11:28:50,652 [Thread-5:123145521729536] [blog.views:46] [view:archive] [ERROR]- unsupported operand type(s) for +: 'NoneType' and 'str'
2019-07-07 11:28:53,338 [Thread-7:123145521729536] [blog.views:46] [view:archive] [ERROR]- unsupported operand type(s) for +: 'NoneType' and 'str'
2019-07-07 11:35:08,266 [Thread-3:123145573130240] [blog.views:46] [view:archive] [ERROR]- unsupported operand type(s) for +: 'NoneType' and 'str'
2019-07-07 12:11:20,860 [Thread-3:123145433128960] [blog.views:45] [view:archive] [ERROR]- unsupported operand type(s) for +: 'NoneType' and 'str'
2019-07-07 12:11:23,380 [Thread-5:123145427873792] [blog.views:45] [view:archive] [ERROR]- unsupported operand type(s) for +: 'NoneType' and 'str'
2019-07-07 12:11:27,850 [Thread-5:123145427873792] [blog.views:45] [view:archive] [ERROR]- unsupported operand type(s) for +: 'NoneType' and 'str'
2019-07-07 12:11:27,929 [Thread-7:123145422618624] [blog.views:45] [view:archive] [ERROR]- unsupported operand type(s) for +: 'NoneType' and 'str'
2019-07-07 12:11:30,681 [Thread-9:123145433128960] [blog.views:45] [view:archive] [ERROR]- unsupported operand type(s) for +: 'NoneType' and 'str'
2019-07-07 12:19:44,017 [Thread-10:123145496055808] [blog.views:44] [view:archive] [ERROR]- unsupported operand type(s) for +: 'NoneType' and 'str'
2019-07-07 12:24:50,973 [Thread-1:123145493086208] [blog.views:44] [view:archive] [ERROR]- Cannot resolve keyword 'data_publish' into field. Choices are: category, category_id, click_count, comment, content, date_publish, desc, id, is_recommend, tag, title, user, user_id
2019-07-07 12:24:51,239 [Thread-3:123145503596544] [blog.views:44] [view:archive] [ERROR]- unsupported operand type(s) for +: 'NoneType' and 'str'
2019-07-07 12:24:56,540 [Thread-4:123145493086208] [blog.views:44] [view:archive] [ERROR]- Cannot resolve keyword 'data_publish' into field. Choices are: category, category_id, click_count, comment, content, date_publish, desc, id, is_recommend, tag, title, user, user_id
2019-07-07 12:24:56,619 [Thread-6:123145493086208] [blog.views:44] [view:archive] [ERROR]- unsupported operand type(s) for +: 'NoneType' and 'str'
2019-07-07 12:25:01,301 [Thread-6:123145493086208] [blog.views:44] [view:archive] [ERROR]- Cannot resolve keyword 'data_publish' into field. Choices are: category, category_id, click_count, comment, content, date_publish, desc, id, is_recommend, tag, title, user, user_id
2019-07-07 12:25:01,377 [Thread-8:123145493086208] [blog.views:44] [view:archive] [ERROR]- unsupported operand type(s) for +: 'NoneType' and 'str'
2019-07-07 12:26:08,727 [Thread-3:123145532108800] [blog.views:44] [view:archive] [ERROR]- unsupported operand type(s) for +: 'NoneType' and 'str'
2019-07-07 12:26:15,282 [Thread-6:123145521598464] [blog.views:44] [view:archive] [ERROR]- unsupported operand type(s) for +: 'NoneType' and 'str'
2019-07-07 12:26:17,056 [Thread-8:123145521598464] [blog.views:44] [view:archive] [ERROR]- unsupported operand type(s) for +: 'NoneType' and 'str'
2019-07-07 12:37:30,456 [Thread-7:123145498398720] [blog.views:44] [view:archive] [ERROR]- unsupported operand type(s) for +: 'NoneType' and 'str'
2019-07-07 12:37:32,305 [Thread-9:123145498398720] [blog.views:44] [view:archive] [ERROR]- unsupported operand type(s) for +: 'NoneType' and 'str'
2019-07-07 12:39:29,538 [Thread-3:123145392050176] [blog.views:44] [view:archive] [ERROR]- unsupported operand type(s) for +: 'NoneType' and 'str'
2019-07-07 12:42:26,166 [Thread-3:123145470148608] [blog.views:44] [view:archive] [ERROR]- unsupported operand type(s) for +: 'NoneType' and 'str'
2019-07-07 12:42:37,562 [Thread-7:123145470148608] [blog.views:44] [view:archive] [ERROR]- unsupported operand type(s) for +: 'NoneType' and 'str'
2019-07-07 12:42:41,463 [Thread-9:123145464893440] [blog.views:44] [view:archive] [ERROR]- unsupported operand type(s) for +: 'NoneType' and 'str'
2019-07-07 12:44:09,290 [Thread-3:123145435402240] [blog.views:44] [view:archive] [ERROR]- unsupported operand type(s) for +: 'NoneType' and 'str'
2019-07-07 12:44:11,304 [Thread-5:123145430147072] [blog.views:44] [view:archive] [ERROR]- unsupported operand type(s) for +: 'NoneType' and 'str'
2019-07-07 12:50:13,514 [Thread-3:123145467682816] [blog.views:44] [view:archive] [ERROR]- unsupported operand type(s) for +: 'NoneType' and 'str'
2019-07-07 12:50:16,538 [Thread-5:123145462427648] [blog.views:44] [view:archive] [ERROR]- unsupported operand type(s) for +: 'NoneType' and 'str'
2019-07-07 12:50:18,319 [Thread-8:123145467682816] [blog.views:44] [view:archive] [ERROR]- unsupported operand type(s) for +: 'NoneType' and 'str'
2019-07-07 12:50:21,835 [Thread-10:123145462427648] [blog.views:44] [view:archive] [ERROR]- unsupported operand type(s) for +: 'NoneType' and 'str'
2019-07-07 12:52:51,871 [Thread-22:123145467682816] [blog.views:44] [view:archive] [ERROR]- unsupported operand type(s) for +: 'NoneType' and 'str'
2019-07-07 12:57:23,883 [Thread-33:123145457172480] [blog.views:44] [view:archive] [ERROR]- unsupported operand type(s) for +: 'NoneType' and 'str'
2019-07-07 12:58:09,695 [Thread-35:123145467682816] [blog.views:44] [view:archive] [ERROR]- unsupported operand type(s) for +: 'NoneType' and 'str'
2019-07-07 13:06:55,113 [Thread-1:123145560702976] [blog.views:44] [view:archive] [ERROR]- unsupported operand type(s) for +: 'int' and 'str'
2019-07-07 13:06:55,298 [Thread-3:123145571213312] [blog.views:44] [view:archive] [ERROR]- int() argument must be a string, a bytes-like object or a number, not 'NoneType'
2019-07-07 13:06:59,701 [Thread-5:123145560702976] [blog.views:44] [view:archive] [ERROR]- unsupported operand type(s) for +: 'int' and 'str'
2019-07-07 13:06:59,795 [Thread-7:123145571213312] [blog.views:44] [view:archive] [ERROR]- int() argument must be a string, a bytes-like object or a number, not 'NoneType'
2019-07-07 13:08:55,510 [Thread-1:123145473622016] [blog.views:44] [view:archive] [ERROR]- unsupported operand type(s) for +: 'int' and 'str'
2019-07-07 13:08:55,711 [Thread-3:123145484132352] [blog.views:44] [view:archive] [ERROR]- int() argument must be a string, a bytes-like object or a number, not 'NoneType'
2019-07-07 13:08:59,311 [Thread-3:123145484132352] [blog.views:44] [view:archive] [ERROR]- unsupported operand type(s) for +: 'int' and 'str'
2019-07-07 13:08:59,391 [Thread-6:123145478877184] [blog.views:44] [view:archive] [ERROR]- int() argument must be a string, a bytes-like object or a number, not 'NoneType'
2019-07-07 13:09:24,026 [Thread-3:123145431912448] [blog.views:44] [view:archive] [ERROR]- unsupported operand type(s) for +: 'NoneType' and 'str'
2019-07-07 13:09:26,102 [Thread-5:123145426657280] [blog.views:44] [view:archive] [ERROR]- unsupported operand type(s) for +: 'NoneType' and 'str'
